<?xml version="1.0" encoding="UTF-8"?>
<!-- Generated by org.testng.reporters.JUnitReportReporter -->
<testsuite skipped="0" hostname="DESKTOP-CMQ45V3" name="com.ixigo.testcases.HomePageTest" tests="1" failures="0" timestamp="16 Nov 2020 05:27:03 GMT" time="48.230" errors="0">
  <testcase name="ixigo" time="48.230" classname="com.ixigo.testcases.HomePageTest"/>
</testsuite> <!-- com.ixigo.testcases.HomePageTest -->
